[INFO] [2017-05-15 15:57:19][org.springframework.test.context.support.DefaultTestContextBootstrapper]Loaded default TestExecutionListener class names from location [META-INF/spring.factories]: [org.springframework.test.context.web.ServletTestExecutionListener, org.springframework.test.context.support.DirtiesContextBeforeModesTestExecutionListener, org.springframework.test.context.support.DependencyInjectionTestExecutionListener, org.springframework.test.context.support.DirtiesContextTestExecutionListener, org.springframework.test.context.transaction.TransactionalTestExecutionListener, org.springframework.test.context.jdbc.SqlScriptsTestExecutionListener]
[INFO] [2017-05-15 15:57:20][org.springframework.test.context.support.DefaultTestContextBootstrapper]Using TestExecutionListeners: [org.springframework.test.context.web.ServletTestExecutionListener@224edc67, org.springframework.test.context.support.DirtiesContextBeforeModesTestExecutionListener@14acaea5, org.springframework.test.context.support.DependencyInjectionTestExecutionListener@46d56d67, org.springframework.test.context.support.DirtiesContextTestExecutionListener@d8355a8, org.springframework.test.context.transaction.TransactionalTestExecutionListener@59fa1d9b, org.springframework.test.context.jdbc.SqlScriptsTestExecutionListener@28d25987]
[INFO] [2017-05-15 15:57:21][org.springframework.beans.factory.xml.XmlBeanDefinitionReader]Loading XML bean definitions from file [/home/haw/IdeaProjects/SSM/SSM/target/classes/spring/applicationContext-dataSource.xml]
[INFO] [2017-05-15 15:57:23][org.springframework.beans.factory.xml.XmlBeanDefinitionReader]Loading XML bean definitions from file [/home/haw/IdeaProjects/SSM/SSM/target/classes/spring/applicationContext-mybatis3-dao.xml]
[INFO] [2017-05-15 15:57:23][org.springframework.beans.factory.xml.XmlBeanDefinitionReader]Loading XML bean definitions from file [/home/haw/IdeaProjects/SSM/SSM/target/classes/spring/applicationContext-service.xml]
[INFO] [2017-05-15 15:57:23][org.springframework.beans.factory.xml.XmlBeanDefinitionReader]Loading XML bean definitions from file [/home/haw/IdeaProjects/SSM/SSM/target/classes/spring/spring-servlet.xml]
[INFO] [2017-05-15 15:57:23][org.springframework.context.support.GenericApplicationContext]Refreshing org.springframework.context.support.GenericApplicationContext@1e127982: startup date [Mon May 15 15:57:23 CST 2017]; root of context hierarchy
[INFO] [2017-05-15 15:57:23][org.springframework.beans.factory.annotation.AutowiredAnnotationBeanPostProcessor]JSR-330 'javax.inject.Inject' annotation found and supported for autowiring
[INFO] [2017-05-15 15:57:26][top.haw358.demo.TestMyBatis]{"age":24,"id":1,"password":"sfasgfaf","userName":"测试"}
[INFO] [2017-05-15 15:57:26][org.springframework.context.support.GenericApplicationContext]Closing org.springframework.context.support.GenericApplicationContext@1e127982: startup date [Mon May 15 15:57:23 CST 2017]; root of context hierarchy
[INFO] [2017-05-15 18:56:29][org.springframework.test.context.support.DefaultTestContextBootstrapper]Loaded default TestExecutionListener class names from location [META-INF/spring.factories]: [org.springframework.test.context.web.ServletTestExecutionListener, org.springframework.test.context.support.DirtiesContextBeforeModesTestExecutionListener, org.springframework.test.context.support.DependencyInjectionTestExecutionListener, org.springframework.test.context.support.DirtiesContextTestExecutionListener, org.springframework.test.context.transaction.TransactionalTestExecutionListener, org.springframework.test.context.jdbc.SqlScriptsTestExecutionListener]
[INFO] [2017-05-15 18:56:30][org.springframework.test.context.support.DefaultTestContextBootstrapper]Using TestExecutionListeners: [org.springframework.test.context.web.ServletTestExecutionListener@224edc67, org.springframework.test.context.support.DirtiesContextBeforeModesTestExecutionListener@14acaea5, org.springframework.test.context.support.DependencyInjectionTestExecutionListener@46d56d67, org.springframework.test.context.support.DirtiesContextTestExecutionListener@d8355a8, org.springframework.test.context.transaction.TransactionalTestExecutionListener@59fa1d9b, org.springframework.test.context.jdbc.SqlScriptsTestExecutionListener@28d25987]
[INFO] [2017-05-15 18:56:31][org.springframework.beans.factory.xml.XmlBeanDefinitionReader]Loading XML bean definitions from file [/home/haw/IdeaProjects/SSM/SSM/target/classes/spring/applicationContext-dataSource.xml]
[INFO] [2017-05-15 18:56:33][org.springframework.beans.factory.xml.XmlBeanDefinitionReader]Loading XML bean definitions from file [/home/haw/IdeaProjects/SSM/SSM/target/classes/spring/applicationContext-mybatis3-dao.xml]
[INFO] [2017-05-15 18:56:33][org.springframework.beans.factory.xml.XmlBeanDefinitionReader]Loading XML bean definitions from file [/home/haw/IdeaProjects/SSM/SSM/target/classes/spring/applicationContext-service.xml]
[INFO] [2017-05-15 18:56:34][org.springframework.beans.factory.xml.XmlBeanDefinitionReader]Loading XML bean definitions from file [/home/haw/IdeaProjects/SSM/SSM/target/classes/spring/spring-servlet.xml]
[INFO] [2017-05-15 18:56:34][org.springframework.context.support.GenericApplicationContext]Refreshing org.springframework.context.support.GenericApplicationContext@1e127982: startup date [Mon May 15 18:56:34 CST 2017]; root of context hierarchy
[INFO] [2017-05-15 18:56:35][org.springframework.beans.factory.annotation.AutowiredAnnotationBeanPostProcessor]JSR-330 'javax.inject.Inject' annotation found and supported for autowiring
[INFO] [2017-05-15 18:56:49][top.haw358.demo.TestMyBatis]{"age":24,"id":1,"password":"sfasgfaf","userName":"测试"}
[INFO] [2017-05-15 18:56:49][org.springframework.context.support.GenericApplicationContext]Closing org.springframework.context.support.GenericApplicationContext@1e127982: startup date [Mon May 15 18:56:34 CST 2017]; root of context hierarchy
[INFO] [2017-05-15 19:00:11][org.springframework.test.context.support.DefaultTestContextBootstrapper]Loaded default TestExecutionListener class names from location [META-INF/spring.factories]: [org.springframework.test.context.web.ServletTestExecutionListener, org.springframework.test.context.support.DirtiesContextBeforeModesTestExecutionListener, org.springframework.test.context.support.DependencyInjectionTestExecutionListener, org.springframework.test.context.support.DirtiesContextTestExecutionListener, org.springframework.test.context.transaction.TransactionalTestExecutionListener, org.springframework.test.context.jdbc.SqlScriptsTestExecutionListener]
[INFO] [2017-05-15 19:00:11][org.springframework.test.context.support.DefaultTestContextBootstrapper]Using TestExecutionListeners: [org.springframework.test.context.web.ServletTestExecutionListener@224edc67, org.springframework.test.context.support.DirtiesContextBeforeModesTestExecutionListener@14acaea5, org.springframework.test.context.support.DependencyInjectionTestExecutionListener@46d56d67, org.springframework.test.context.support.DirtiesContextTestExecutionListener@d8355a8, org.springframework.test.context.transaction.TransactionalTestExecutionListener@59fa1d9b, org.springframework.test.context.jdbc.SqlScriptsTestExecutionListener@28d25987]
[INFO] [2017-05-15 19:00:11][org.springframework.beans.factory.xml.XmlBeanDefinitionReader]Loading XML bean definitions from file [/home/haw/IdeaProjects/SSM/SSM/target/classes/spring/applicationContext-dataSource.xml]
[INFO] [2017-05-15 19:00:12][org.springframework.beans.factory.xml.XmlBeanDefinitionReader]Loading XML bean definitions from file [/home/haw/IdeaProjects/SSM/SSM/target/classes/spring/applicationContext-mybatis3-dao.xml]
[INFO] [2017-05-15 19:00:12][org.springframework.beans.factory.xml.XmlBeanDefinitionReader]Loading XML bean definitions from file [/home/haw/IdeaProjects/SSM/SSM/target/classes/spring/applicationContext-service.xml]
[INFO] [2017-05-15 19:00:12][org.springframework.beans.factory.xml.XmlBeanDefinitionReader]Loading XML bean definitions from file [/home/haw/IdeaProjects/SSM/SSM/target/classes/spring/spring-servlet.xml]
[INFO] [2017-05-15 19:00:12][org.springframework.context.support.GenericApplicationContext]Refreshing org.springframework.context.support.GenericApplicationContext@1e127982: startup date [Mon May 15 19:00:12 CST 2017]; root of context hierarchy
[INFO] [2017-05-15 19:00:12][org.springframework.beans.factory.annotation.AutowiredAnnotationBeanPostProcessor]JSR-330 'javax.inject.Inject' annotation found and supported for autowiring
[INFO] [2017-05-15 19:00:14][top.haw358.demo.TestMyBatis]{"age":24,"id":1,"password":"sfasgfaf","userName":"测试"}
[INFO] [2017-05-15 19:00:14][org.springframework.context.support.GenericApplicationContext]Closing org.springframework.context.support.GenericApplicationContext@1e127982: startup date [Mon May 15 19:00:12 CST 2017]; root of context hierarchy
[INFO] [2017-05-16 14:15:17][org.springframework.test.context.support.DefaultTestContextBootstrapper]Loaded default TestExecutionListener class names from location [META-INF/spring.factories]: [org.springframework.test.context.web.ServletTestExecutionListener, org.springframework.test.context.support.DirtiesContextBeforeModesTestExecutionListener, org.springframework.test.context.support.DependencyInjectionTestExecutionListener, org.springframework.test.context.support.DirtiesContextTestExecutionListener, org.springframework.test.context.transaction.TransactionalTestExecutionListener, org.springframework.test.context.jdbc.SqlScriptsTestExecutionListener]
[INFO] [2017-05-16 14:15:18][org.springframework.test.context.support.DefaultTestContextBootstrapper]Using TestExecutionListeners: [org.springframework.test.context.web.ServletTestExecutionListener@224edc67, org.springframework.test.context.support.DirtiesContextBeforeModesTestExecutionListener@14acaea5, org.springframework.test.context.support.DependencyInjectionTestExecutionListener@46d56d67, org.springframework.test.context.support.DirtiesContextTestExecutionListener@d8355a8, org.springframework.test.context.transaction.TransactionalTestExecutionListener@59fa1d9b, org.springframework.test.context.jdbc.SqlScriptsTestExecutionListener@28d25987]
[INFO] [2017-05-16 14:15:18][org.springframework.beans.factory.xml.XmlBeanDefinitionReader]Loading XML bean definitions from file [/home/haw/IdeaProjects/SSM/SSM/target/classes/spring/applicationContext-dataSource.xml]
[INFO] [2017-05-16 14:15:18][org.springframework.beans.factory.xml.XmlBeanDefinitionReader]Loading XML bean definitions from file [/home/haw/IdeaProjects/SSM/SSM/target/classes/spring/applicationContext-mybatis3-dao.xml]
[INFO] [2017-05-16 14:15:18][org.springframework.beans.factory.xml.XmlBeanDefinitionReader]Loading XML bean definitions from file [/home/haw/IdeaProjects/SSM/SSM/target/classes/spring/applicationContext-service.xml]
[INFO] [2017-05-16 14:15:18][org.springframework.beans.factory.xml.XmlBeanDefinitionReader]Loading XML bean definitions from file [/home/haw/IdeaProjects/SSM/SSM/target/classes/spring/spring-servlet.xml]
[INFO] [2017-05-16 14:15:19][org.springframework.context.support.GenericApplicationContext]Refreshing org.springframework.context.support.GenericApplicationContext@1e127982: startup date [Tue May 16 14:15:19 CST 2017]; root of context hierarchy
[INFO] [2017-05-16 14:15:19][org.springframework.beans.factory.annotation.AutowiredAnnotationBeanPostProcessor]JSR-330 'javax.inject.Inject' annotation found and supported for autowiring
[WARN] [2017-05-16 14:15:19][org.springframework.context.support.GenericApplicationContext]Exception encountered during context initialization - cancelling refresh attempt: org.springframework.beans.factory.BeanCreationException: Error creating bean with name 'dataSource' defined in file [/home/haw/IdeaProjects/SSM/SSM/target/classes/spring/applicationContext-dataSource.xml]: BeanPostProcessor before instantiation of bean failed; nested exception is org.springframework.beans.factory.BeanCreationException: Error creating bean with name 'org.springframework.aop.support.DefaultBeanFactoryPointcutAdvisor#0': Cannot resolve reference to bean 'txPointcut' while setting bean property 'pointcut'; nested exception is org.springframework.beans.factory.BeanCreationException: Error creating bean with name 'txPointcut': Failed to introspect bean class [org.springframework.aop.aspectj.AspectJExpressionPointcut] for lookup method metadata: could not find class that it depends on; nested exception is java.lang.NoClassDefFoundError: org/aspectj/weaver/tools/PointcutDesignatorHandler
[ERROR] [2017-05-16 14:15:19][org.springframework.test.context.TestContextManager]Caught exception while allowing TestExecutionListener [org.springframework.test.context.support.DependencyInjectionTestExecutionListener@46d56d67] to prepare test instance [top.haw358.demo.TestMyBatis@6025e1b6]
java.lang.IllegalStateException: Failed to load ApplicationContext
	at org.springframework.test.context.cache.DefaultCacheAwareContextLoaderDelegate.loadContext(DefaultCacheAwareContextLoaderDelegate.java:124)
	at org.springframework.test.context.support.DefaultTestContext.getApplicationContext(DefaultTestContext.java:83)
	at org.springframework.test.context.support.DependencyInjectionTestExecutionListener.injectDependencies(DependencyInjectionTestExecutionListener.java:117)
	at org.springframework.test.context.support.DependencyInjectionTestExecutionListener.prepareTestInstance(DependencyInjectionTestExecutionListener.java:83)
	at org.springframework.test.context.TestContextManager.prepareTestInstance(TestContextManager.java:230)
	at org.springframework.test.context.junit4.SpringJUnit4ClassRunner.createTest(SpringJUnit4ClassRunner.java:228)
	at org.springframework.test.context.junit4.SpringJUnit4ClassRunner$1.runReflectiveCall(SpringJUnit4ClassRunner.java:287)
	at org.junit.internal.runners.model.ReflectiveCallable.run(ReflectiveCallable.java:12)
	at org.springframework.test.context.junit4.SpringJUnit4ClassRunner.methodBlock(SpringJUnit4ClassRunner.java:289)
	at org.springframework.test.context.junit4.SpringJUnit4ClassRunner.runChild(SpringJUnit4ClassRunner.java:247)
	at org.springframework.test.context.junit4.SpringJUnit4ClassRunner.runChild(SpringJUnit4ClassRunner.java:94)
	at org.junit.runners.ParentRunner$3.run(ParentRunner.java:290)
	at org.junit.runners.ParentRunner$1.schedule(ParentRunner.java:71)
	at org.junit.runners.ParentRunner.runChildren(ParentRunner.java:288)
	at org.junit.runners.ParentRunner.access$000(ParentRunner.java:58)
	at org.junit.runners.ParentRunner$2.evaluate(ParentRunner.java:268)
	at org.springframework.test.context.junit4.statements.RunBeforeTestClassCallbacks.evaluate(RunBeforeTestClassCallbacks.java:61)
	at org.springframework.test.context.junit4.statements.RunAfterTestClassCallbacks.evaluate(RunAfterTestClassCallbacks.java:70)
	at org.junit.runners.ParentRunner.run(ParentRunner.java:363)
	at org.springframework.test.context.junit4.SpringJUnit4ClassRunner.run(SpringJUnit4ClassRunner.java:191)
	at org.junit.runner.JUnitCore.run(JUnitCore.java:137)
	at com.intellij.junit4.JUnit4IdeaTestRunner.startRunnerWithArgs(JUnit4IdeaTestRunner.java:68)
	at com.intellij.rt.execution.junit.IdeaTestRunner$Repeater.startRunnerWithArgs(IdeaTestRunner.java:51)
	at com.intellij.rt.execution.junit.JUnitStarter.prepareStreamsAndStart(JUnitStarter.java:242)
	at com.intellij.rt.execution.junit.JUnitStarter.main(JUnitStarter.java:70)
Caused by: org.springframework.beans.factory.BeanCreationException: Error creating bean with name 'dataSource' defined in file [/home/haw/IdeaProjects/SSM/SSM/target/classes/spring/applicationContext-dataSource.xml]: BeanPostProcessor before instantiation of bean failed; nested exception is org.springframework.beans.factory.BeanCreationException: Error creating bean with name 'org.springframework.aop.support.DefaultBeanFactoryPointcutAdvisor#0': Cannot resolve reference to bean 'txPointcut' while setting bean property 'pointcut'; nested exception is org.springframework.beans.factory.BeanCreationException: Error creating bean with name 'txPointcut': Failed to introspect bean class [org.springframework.aop.aspectj.AspectJExpressionPointcut] for lookup method metadata: could not find class that it depends on; nested exception is java.lang.NoClassDefFoundError: org/aspectj/weaver/tools/PointcutDesignatorHandler
	at org.springframework.beans.factory.support.AbstractAutowireCapableBeanFactory.createBean(AbstractAutowireCapableBeanFactory.java:479)
	at org.springframework.beans.factory.support.AbstractBeanFactory$1.getObject(AbstractBeanFactory.java:306)
	at org.springframework.beans.factory.support.DefaultSingletonBeanRegistry.getSingleton(DefaultSingletonBeanRegistry.java:230)
	at org.springframework.beans.factory.support.AbstractBeanFactory.doGetBean(AbstractBeanFactory.java:302)
	at org.springframework.beans.factory.support.AbstractBeanFactory.getBean(AbstractBeanFactory.java:197)
	at org.springframework.beans.factory.support.DefaultListableBeanFactory.preInstantiateSingletons(DefaultListableBeanFactory.java:761)
	at org.springframework.context.support.AbstractApplicationContext.finishBeanFactoryInitialization(AbstractApplicationContext.java:866)
	at org.springframework.context.support.AbstractApplicationContext.refresh(AbstractApplicationContext.java:542)
	at org.springframework.test.context.support.AbstractGenericContextLoader.loadContext(AbstractGenericContextLoader.java:128)
	at org.springframework.test.context.support.AbstractGenericContextLoader.loadContext(AbstractGenericContextLoader.java:60)
	at org.springframework.test.context.support.AbstractDelegatingSmartContextLoader.delegateLoading(AbstractDelegatingSmartContextLoader.java:108)
	at org.springframework.test.context.support.AbstractDelegatingSmartContextLoader.loadContext(AbstractDelegatingSmartContextLoader.java:251)
	at org.springframework.test.context.cache.DefaultCacheAwareContextLoaderDelegate.loadContextInternal(DefaultCacheAwareContextLoaderDelegate.java:98)
	at org.springframework.test.context.cache.DefaultCacheAwareContextLoaderDelegate.loadContext(DefaultCacheAwareContextLoaderDelegate.java:116)
	... 24 more
Caused by: org.springframework.beans.factory.BeanCreationException: Error creating bean with name 'org.springframework.aop.support.DefaultBeanFactoryPointcutAdvisor#0': Cannot resolve reference to bean 'txPointcut' while setting bean property 'pointcut'; nested exception is org.springframework.beans.factory.BeanCreationException: Error creating bean with name 'txPointcut': Failed to introspect bean class [org.springframework.aop.aspectj.AspectJExpressionPointcut] for lookup method metadata: could not find class that it depends on; nested exception is java.lang.NoClassDefFoundError: org/aspectj/weaver/tools/PointcutDesignatorHandler
	at org.springframework.beans.factory.support.BeanDefinitionValueResolver.resolveReference(BeanDefinitionValueResolver.java:359)
	at org.springframework.beans.factory.support.BeanDefinitionValueResolver.resolveValueIfNecessary(BeanDefinitionValueResolver.java:108)
	at org.springframework.beans.factory.support.AbstractAutowireCapableBeanFactory.applyPropertyValues(AbstractAutowireCapableBeanFactory.java:1531)
	at org.springframework.beans.factory.support.AbstractAutowireCapableBeanFactory.populateBean(AbstractAutowireCapableBeanFactory.java:1276)
	at org.springframework.beans.factory.support.AbstractAutowireCapableBeanFactory.doCreateBean(AbstractAutowireCapableBeanFactory.java:553)
	at org.springframework.beans.factory.support.AbstractAutowireCapableBeanFactory.createBean(AbstractAutowireCapableBeanFactory.java:483)
	at org.springframework.beans.factory.support.AbstractBeanFactory$1.getObject(AbstractBeanFactory.java:306)
	at org.springframework.beans.factory.support.DefaultSingletonBeanRegistry.getSingleton(DefaultSingletonBeanRegistry.java:230)
	at org.springframework.beans.factory.support.AbstractBeanFactory.doGetBean(AbstractBeanFactory.java:302)
	at org.springframework.beans.factory.support.AbstractBeanFactory.getBean(AbstractBeanFactory.java:202)
	at org.springframework.aop.framework.autoproxy.BeanFactoryAdvisorRetrievalHelper.findAdvisorBeans(BeanFactoryAdvisorRetrievalHelper.java:92)
	at org.springframework.aop.framework.autoproxy.AbstractAdvisorAutoProxyCreator.findCandidateAdvisors(AbstractAdvisorAutoProxyCreator.java:102)
	at org.springframework.aop.aspectj.autoproxy.AspectJAwareAdvisorAutoProxyCreator.shouldSkip(AspectJAwareAdvisorAutoProxyCreator.java:103)
	at org.springframework.aop.framework.autoproxy.AbstractAutoProxyCreator.postProcessBeforeInstantiation(AbstractAutoProxyCreator.java:248)
	at org.springframework.beans.factory.support.AbstractAutowireCapableBeanFactory.applyBeanPostProcessorsBeforeInstantiation(AbstractAutowireCapableBeanFactory.java:1037)
	at org.springframework.beans.factory.support.AbstractAutowireCapableBeanFactory.resolveBeforeInstantiation(AbstractAutowireCapableBeanFactory.java:1011)
	at org.springframework.beans.factory.support.AbstractAutowireCapableBeanFactory.createBean(AbstractAutowireCapableBeanFactory.java:473)
	... 37 more
Caused by: org.springframework.beans.factory.BeanCreationException: Error creating bean with name 'txPointcut': Failed to introspect bean class [org.springframework.aop.aspectj.AspectJExpressionPointcut] for lookup method metadata: could not find class that it depends on; nested exception is java.lang.NoClassDefFoundError: org/aspectj/weaver/tools/PointcutDesignatorHandler
	at org.springframework.beans.factory.annotation.AutowiredAnnotationBeanPostProcessor.determineCandidateConstructors(AutowiredAnnotationBeanPostProcessor.java:269)
	at org.springframework.beans.factory.support.AbstractAutowireCapableBeanFactory.determineConstructorsFromBeanPostProcessors(AbstractAutowireCapableBeanFactory.java:1118)
	at org.springframework.beans.factory.support.AbstractAutowireCapableBeanFactory.createBeanInstance(AbstractAutowireCapableBeanFactory.java:1091)
	at org.springframework.beans.factory.support.AbstractAutowireCapableBeanFactory.doCreateBean(AbstractAutowireCapableBeanFactory.java:513)
	at org.springframework.beans.factory.support.AbstractAutowireCapableBeanFactory.createBean(AbstractAutowireCapableBeanFactory.java:483)
	at org.springframework.beans.factory.support.AbstractBeanFactory.doGetBean(AbstractBeanFactory.java:325)
	at org.springframework.beans.factory.support.AbstractBeanFactory.getBean(AbstractBeanFactory.java:197)
	at org.springframework.beans.factory.support.BeanDefinitionValueResolver.resolveReference(BeanDefinitionValueResolver.java:351)
	... 53 more
Caused by: java.lang.NoClassDefFoundError: org/aspectj/weaver/tools/PointcutDesignatorHandler
	at java.lang.Class.getDeclaredMethods0(Native Method)
	at java.lang.Class.privateGetDeclaredMethods(Class.java:2701)
	at java.lang.Class.getDeclaredMethods(Class.java:1975)
	at org.springframework.util.ReflectionUtils.getDeclaredMethods(ReflectionUtils.java:613)
	at org.springframework.util.ReflectionUtils.doWithMethods(ReflectionUtils.java:524)
	at org.springframework.util.ReflectionUtils.doWithMethods(ReflectionUtils.java:510)
	at org.springframework.beans.factory.annotation.AutowiredAnnotationBeanPostProcessor.determineCandidateConstructors(AutowiredAnnotationBeanPostProcessor.java:247)
	... 60 more
Caused by: java.lang.ClassNotFoundException: org.aspectj.weaver.tools.PointcutDesignatorHandler
	at java.net.URLClassLoader.findClass(URLClassLoader.java:381)
	at java.lang.ClassLoader.loadClass(ClassLoader.java:424)
	at sun.misc.Launcher$AppClassLoader.loadClass(Launcher.java:331)
	at java.lang.ClassLoader.loadClass(ClassLoader.java:357)
	... 67 more
[INFO] [2017-05-16 14:16:20][org.springframework.test.context.support.DefaultTestContextBootstrapper]Loaded default TestExecutionListener class names from location [META-INF/spring.factories]: [org.springframework.test.context.web.ServletTestExecutionListener, org.springframework.test.context.support.DirtiesContextBeforeModesTestExecutionListener, org.springframework.test.context.support.DependencyInjectionTestExecutionListener, org.springframework.test.context.support.DirtiesContextTestExecutionListener, org.springframework.test.context.transaction.TransactionalTestExecutionListener, org.springframework.test.context.jdbc.SqlScriptsTestExecutionListener]
[INFO] [2017-05-16 14:16:20][org.springframework.test.context.support.DefaultTestContextBootstrapper]Using TestExecutionListeners: [org.springframework.test.context.web.ServletTestExecutionListener@224edc67, org.springframework.test.context.support.DirtiesContextBeforeModesTestExecutionListener@14acaea5, org.springframework.test.context.support.DependencyInjectionTestExecutionListener@46d56d67, org.springframework.test.context.support.DirtiesContextTestExecutionListener@d8355a8, org.springframework.test.context.transaction.TransactionalTestExecutionListener@59fa1d9b, org.springframework.test.context.jdbc.SqlScriptsTestExecutionListener@28d25987]
[INFO] [2017-05-16 14:16:20][org.springframework.beans.factory.xml.XmlBeanDefinitionReader]Loading XML bean definitions from file [/home/haw/IdeaProjects/SSM/SSM/target/classes/spring/applicationContext-dataSource.xml]
[INFO] [2017-05-16 14:16:20][org.springframework.beans.factory.xml.XmlBeanDefinitionReader]Loading XML bean definitions from file [/home/haw/IdeaProjects/SSM/SSM/target/classes/spring/applicationContext-mybatis3-dao.xml]
[INFO] [2017-05-16 14:16:20][org.springframework.beans.factory.xml.XmlBeanDefinitionReader]Loading XML bean definitions from file [/home/haw/IdeaProjects/SSM/SSM/target/classes/spring/applicationContext-service.xml]
[INFO] [2017-05-16 14:16:20][org.springframework.beans.factory.xml.XmlBeanDefinitionReader]Loading XML bean definitions from file [/home/haw/IdeaProjects/SSM/SSM/target/classes/spring/spring-servlet.xml]
[INFO] [2017-05-16 14:16:20][org.springframework.context.support.GenericApplicationContext]Refreshing org.springframework.context.support.GenericApplicationContext@1e127982: startup date [Tue May 16 14:16:20 CST 2017]; root of context hierarchy
[INFO] [2017-05-16 14:16:21][org.springframework.beans.factory.annotation.AutowiredAnnotationBeanPostProcessor]JSR-330 'javax.inject.Inject' annotation found and supported for autowiring
[WARN] [2017-05-16 14:16:21][org.springframework.context.support.GenericApplicationContext]Exception encountered during context initialization - cancelling refresh attempt: org.springframework.beans.factory.BeanCreationException: Error creating bean with name 'dataSource' defined in file [/home/haw/IdeaProjects/SSM/SSM/target/classes/spring/applicationContext-dataSource.xml]: BeanPostProcessor before instantiation of bean failed; nested exception is org.springframework.beans.factory.BeanCreationException: Error creating bean with name 'org.springframework.aop.support.DefaultBeanFactoryPointcutAdvisor#0': Cannot resolve reference to bean 'txPointcut' while setting bean property 'pointcut'; nested exception is org.springframework.beans.factory.BeanCreationException: Error creating bean with name 'txPointcut': Failed to introspect bean class [org.springframework.aop.aspectj.AspectJExpressionPointcut] for lookup method metadata: could not find class that it depends on; nested exception is java.lang.NoClassDefFoundError: org/aspectj/weaver/tools/PointcutDesignatorHandler
[ERROR] [2017-05-16 14:16:21][org.springframework.test.context.TestContextManager]Caught exception while allowing TestExecutionListener [org.springframework.test.context.support.DependencyInjectionTestExecutionListener@46d56d67] to prepare test instance [top.haw358.demo.TestMyBatis@6025e1b6]
java.lang.IllegalStateException: Failed to load ApplicationContext
	at org.springframework.test.context.cache.DefaultCacheAwareContextLoaderDelegate.loadContext(DefaultCacheAwareContextLoaderDelegate.java:124)
	at org.springframework.test.context.support.DefaultTestContext.getApplicationContext(DefaultTestContext.java:83)
	at org.springframework.test.context.support.DependencyInjectionTestExecutionListener.injectDependencies(DependencyInjectionTestExecutionListener.java:117)
	at org.springframework.test.context.support.DependencyInjectionTestExecutionListener.prepareTestInstance(DependencyInjectionTestExecutionListener.java:83)
	at org.springframework.test.context.TestContextManager.prepareTestInstance(TestContextManager.java:230)
	at org.springframework.test.context.junit4.SpringJUnit4ClassRunner.createTest(SpringJUnit4ClassRunner.java:228)
	at org.springframework.test.context.junit4.SpringJUnit4ClassRunner$1.runReflectiveCall(SpringJUnit4ClassRunner.java:287)
	at org.junit.internal.runners.model.ReflectiveCallable.run(ReflectiveCallable.java:12)
	at org.springframework.test.context.junit4.SpringJUnit4ClassRunner.methodBlock(SpringJUnit4ClassRunner.java:289)
	at org.springframework.test.context.junit4.SpringJUnit4ClassRunner.runChild(SpringJUnit4ClassRunner.java:247)
	at org.springframework.test.context.junit4.SpringJUnit4ClassRunner.runChild(SpringJUnit4ClassRunner.java:94)
	at org.junit.runners.ParentRunner$3.run(ParentRunner.java:290)
	at org.junit.runners.ParentRunner$1.schedule(ParentRunner.java:71)
	at org.junit.runners.ParentRunner.runChildren(ParentRunner.java:288)
	at org.junit.runners.ParentRunner.access$000(ParentRunner.java:58)
	at org.junit.runners.ParentRunner$2.evaluate(ParentRunner.java:268)
	at org.springframework.test.context.junit4.statements.RunBeforeTestClassCallbacks.evaluate(RunBeforeTestClassCallbacks.java:61)
	at org.springframework.test.context.junit4.statements.RunAfterTestClassCallbacks.evaluate(RunAfterTestClassCallbacks.java:70)
	at org.junit.runners.ParentRunner.run(ParentRunner.java:363)
	at org.springframework.test.context.junit4.SpringJUnit4ClassRunner.run(SpringJUnit4ClassRunner.java:191)
	at org.junit.runner.JUnitCore.run(JUnitCore.java:137)
	at com.intellij.junit4.JUnit4IdeaTestRunner.startRunnerWithArgs(JUnit4IdeaTestRunner.java:68)
	at com.intellij.rt.execution.junit.IdeaTestRunner$Repeater.startRunnerWithArgs(IdeaTestRunner.java:51)
	at com.intellij.rt.execution.junit.JUnitStarter.prepareStreamsAndStart(JUnitStarter.java:242)
	at com.intellij.rt.execution.junit.JUnitStarter.main(JUnitStarter.java:70)
Caused by: org.springframework.beans.factory.BeanCreationException: Error creating bean with name 'dataSource' defined in file [/home/haw/IdeaProjects/SSM/SSM/target/classes/spring/applicationContext-dataSource.xml]: BeanPostProcessor before instantiation of bean failed; nested exception is org.springframework.beans.factory.BeanCreationException: Error creating bean with name 'org.springframework.aop.support.DefaultBeanFactoryPointcutAdvisor#0': Cannot resolve reference to bean 'txPointcut' while setting bean property 'pointcut'; nested exception is org.springframework.beans.factory.BeanCreationException: Error creating bean with name 'txPointcut': Failed to introspect bean class [org.springframework.aop.aspectj.AspectJExpressionPointcut] for lookup method metadata: could not find class that it depends on; nested exception is java.lang.NoClassDefFoundError: org/aspectj/weaver/tools/PointcutDesignatorHandler
	at org.springframework.beans.factory.support.AbstractAutowireCapableBeanFactory.createBean(AbstractAutowireCapableBeanFactory.java:479)
	at org.springframework.beans.factory.support.AbstractBeanFactory$1.getObject(AbstractBeanFactory.java:306)
	at org.springframework.beans.factory.support.DefaultSingletonBeanRegistry.getSingleton(DefaultSingletonBeanRegistry.java:230)
	at org.springframework.beans.factory.support.AbstractBeanFactory.doGetBean(AbstractBeanFactory.java:302)
	at org.springframework.beans.factory.support.AbstractBeanFactory.getBean(AbstractBeanFactory.java:197)
	at org.springframework.beans.factory.support.DefaultListableBeanFactory.preInstantiateSingletons(DefaultListableBeanFactory.java:761)
	at org.springframework.context.support.AbstractApplicationContext.finishBeanFactoryInitialization(AbstractApplicationContext.java:866)
	at org.springframework.context.support.AbstractApplicationContext.refresh(AbstractApplicationContext.java:542)
	at org.springframework.test.context.support.AbstractGenericContextLoader.loadContext(AbstractGenericContextLoader.java:128)
	at org.springframework.test.context.support.AbstractGenericContextLoader.loadContext(AbstractGenericContextLoader.java:60)
	at org.springframework.test.context.support.AbstractDelegatingSmartContextLoader.delegateLoading(AbstractDelegatingSmartContextLoader.java:108)
	at org.springframework.test.context.support.AbstractDelegatingSmartContextLoader.loadContext(AbstractDelegatingSmartContextLoader.java:251)
	at org.springframework.test.context.cache.DefaultCacheAwareContextLoaderDelegate.loadContextInternal(DefaultCacheAwareContextLoaderDelegate.java:98)
	at org.springframework.test.context.cache.DefaultCacheAwareContextLoaderDelegate.loadContext(DefaultCacheAwareContextLoaderDelegate.java:116)
	... 24 more
Caused by: org.springframework.beans.factory.BeanCreationException: Error creating bean with name 'org.springframework.aop.support.DefaultBeanFactoryPointcutAdvisor#0': Cannot resolve reference to bean 'txPointcut' while setting bean property 'pointcut'; nested exception is org.springframework.beans.factory.BeanCreationException: Error creating bean with name 'txPointcut': Failed to introspect bean class [org.springframework.aop.aspectj.AspectJExpressionPointcut] for lookup method metadata: could not find class that it depends on; nested exception is java.lang.NoClassDefFoundError: org/aspectj/weaver/tools/PointcutDesignatorHandler
	at org.springframework.beans.factory.support.BeanDefinitionValueResolver.resolveReference(BeanDefinitionValueResolver.java:359)
	at org.springframework.beans.factory.support.BeanDefinitionValueResolver.resolveValueIfNecessary(BeanDefinitionValueResolver.java:108)
	at org.springframework.beans.factory.support.AbstractAutowireCapableBeanFactory.applyPropertyValues(AbstractAutowireCapableBeanFactory.java:1531)
	at org.springframework.beans.factory.support.AbstractAutowireCapableBeanFactory.populateBean(AbstractAutowireCapableBeanFactory.java:1276)
	at org.springframework.beans.factory.support.AbstractAutowireCapableBeanFactory.doCreateBean(AbstractAutowireCapableBeanFactory.java:553)
	at org.springframework.beans.factory.support.AbstractAutowireCapableBeanFactory.createBean(AbstractAutowireCapableBeanFactory.java:483)
	at org.springframework.beans.factory.support.AbstractBeanFactory$1.getObject(AbstractBeanFactory.java:306)
	at org.springframework.beans.factory.support.DefaultSingletonBeanRegistry.getSingleton(DefaultSingletonBeanRegistry.java:230)
	at org.springframework.beans.factory.support.AbstractBeanFactory.doGetBean(AbstractBeanFactory.java:302)
	at org.springframework.beans.factory.support.AbstractBeanFactory.getBean(AbstractBeanFactory.java:202)
	at org.springframework.aop.framework.autoproxy.BeanFactoryAdvisorRetrievalHelper.findAdvisorBeans(BeanFactoryAdvisorRetrievalHelper.java:92)
	at org.springframework.aop.framework.autoproxy.AbstractAdvisorAutoProxyCreator.findCandidateAdvisors(AbstractAdvisorAutoProxyCreator.java:102)
	at org.springframework.aop.aspectj.autoproxy.AspectJAwareAdvisorAutoProxyCreator.shouldSkip(AspectJAwareAdvisorAutoProxyCreator.java:103)
	at org.springframework.aop.framework.autoproxy.AbstractAutoProxyCreator.postProcessBeforeInstantiation(AbstractAutoProxyCreator.java:248)
	at org.springframework.beans.factory.support.AbstractAutowireCapableBeanFactory.applyBeanPostProcessorsBeforeInstantiation(AbstractAutowireCapableBeanFactory.java:1037)
	at org.springframework.beans.factory.support.AbstractAutowireCapableBeanFactory.resolveBeforeInstantiation(AbstractAutowireCapableBeanFactory.java:1011)
	at org.springframework.beans.factory.support.AbstractAutowireCapableBeanFactory.createBean(AbstractAutowireCapableBeanFactory.java:473)
	... 37 more
Caused by: org.springframework.beans.factory.BeanCreationException: Error creating bean with name 'txPointcut': Failed to introspect bean class [org.springframework.aop.aspectj.AspectJExpressionPointcut] for lookup method metadata: could not find class that it depends on; nested exception is java.lang.NoClassDefFoundError: org/aspectj/weaver/tools/PointcutDesignatorHandler
	at org.springframework.beans.factory.annotation.AutowiredAnnotationBeanPostProcessor.determineCandidateConstructors(AutowiredAnnotationBeanPostProcessor.java:269)
	at org.springframework.beans.factory.support.AbstractAutowireCapableBeanFactory.determineConstructorsFromBeanPostProcessors(AbstractAutowireCapableBeanFactory.java:1118)
	at org.springframework.beans.factory.support.AbstractAutowireCapableBeanFactory.createBeanInstance(AbstractAutowireCapableBeanFactory.java:1091)
	at org.springframework.beans.factory.support.AbstractAutowireCapableBeanFactory.doCreateBean(AbstractAutowireCapableBeanFactory.java:513)
	at org.springframework.beans.factory.support.AbstractAutowireCapableBeanFactory.createBean(AbstractAutowireCapableBeanFactory.java:483)
	at org.springframework.beans.factory.support.AbstractBeanFactory.doGetBean(AbstractBeanFactory.java:325)
	at org.springframework.beans.factory.support.AbstractBeanFactory.getBean(AbstractBeanFactory.java:197)
	at org.springframework.beans.factory.support.BeanDefinitionValueResolver.resolveReference(BeanDefinitionValueResolver.java:351)
	... 53 more
Caused by: java.lang.NoClassDefFoundError: org/aspectj/weaver/tools/PointcutDesignatorHandler
	at java.lang.Class.getDeclaredMethods0(Native Method)
	at java.lang.Class.privateGetDeclaredMethods(Class.java:2701)
	at java.lang.Class.getDeclaredMethods(Class.java:1975)
	at org.springframework.util.ReflectionUtils.getDeclaredMethods(ReflectionUtils.java:613)
	at org.springframework.util.ReflectionUtils.doWithMethods(ReflectionUtils.java:524)
	at org.springframework.util.ReflectionUtils.doWithMethods(ReflectionUtils.java:510)
	at org.springframework.beans.factory.annotation.AutowiredAnnotationBeanPostProcessor.determineCandidateConstructors(AutowiredAnnotationBeanPostProcessor.java:247)
	... 60 more
Caused by: java.lang.ClassNotFoundException: org.aspectj.weaver.tools.PointcutDesignatorHandler
	at java.net.URLClassLoader.findClass(URLClassLoader.java:381)
	at java.lang.ClassLoader.loadClass(ClassLoader.java:424)
	at sun.misc.Launcher$AppClassLoader.loadClass(Launcher.java:331)
	at java.lang.ClassLoader.loadClass(ClassLoader.java:357)
	... 67 more
[INFO] [2017-05-16 14:18:46][org.springframework.test.context.support.DefaultTestContextBootstrapper]Loaded default TestExecutionListener class names from location [META-INF/spring.factories]: [org.springframework.test.context.web.ServletTestExecutionListener, org.springframework.test.context.support.DirtiesContextBeforeModesTestExecutionListener, org.springframework.test.context.support.DependencyInjectionTestExecutionListener, org.springframework.test.context.support.DirtiesContextTestExecutionListener, org.springframework.test.context.transaction.TransactionalTestExecutionListener, org.springframework.test.context.jdbc.SqlScriptsTestExecutionListener]
[INFO] [2017-05-16 14:18:46][org.springframework.test.context.support.DefaultTestContextBootstrapper]Using TestExecutionListeners: [org.springframework.test.context.web.ServletTestExecutionListener@224edc67, org.springframework.test.context.support.DirtiesContextBeforeModesTestExecutionListener@14acaea5, org.springframework.test.context.support.DependencyInjectionTestExecutionListener@46d56d67, org.springframework.test.context.support.DirtiesContextTestExecutionListener@d8355a8, org.springframework.test.context.transaction.TransactionalTestExecutionListener@59fa1d9b, org.springframework.test.context.jdbc.SqlScriptsTestExecutionListener@28d25987]
[INFO] [2017-05-16 14:18:46][org.springframework.beans.factory.xml.XmlBeanDefinitionReader]Loading XML bean definitions from file [/home/haw/IdeaProjects/SSM/SSM/target/classes/spring/applicationContext-dataSource.xml]
[INFO] [2017-05-16 14:18:46][org.springframework.beans.factory.xml.XmlBeanDefinitionReader]Loading XML bean definitions from file [/home/haw/IdeaProjects/SSM/SSM/target/classes/spring/applicationContext-mybatis3-dao.xml]
[INFO] [2017-05-16 14:18:46][org.springframework.beans.factory.xml.XmlBeanDefinitionReader]Loading XML bean definitions from file [/home/haw/IdeaProjects/SSM/SSM/target/classes/spring/applicationContext-service.xml]
[INFO] [2017-05-16 14:18:46][org.springframework.beans.factory.xml.XmlBeanDefinitionReader]Loading XML bean definitions from file [/home/haw/IdeaProjects/SSM/SSM/target/classes/spring/spring-servlet.xml]
[INFO] [2017-05-16 14:18:46][org.springframework.context.support.GenericApplicationContext]Refreshing org.springframework.context.support.GenericApplicationContext@1e127982: startup date [Tue May 16 14:18:46 CST 2017]; root of context hierarchy
[INFO] [2017-05-16 14:18:47][org.springframework.beans.factory.annotation.AutowiredAnnotationBeanPostProcessor]JSR-330 'javax.inject.Inject' annotation found and supported for autowiring
[WARN] [2017-05-16 14:18:47][org.springframework.context.support.GenericApplicationContext]Exception encountered during context initialization - cancelling refresh attempt: org.springframework.beans.factory.BeanCreationException: Error creating bean with name 'dataSource' defined in file [/home/haw/IdeaProjects/SSM/SSM/target/classes/spring/applicationContext-dataSource.xml]: BeanPostProcessor before instantiation of bean failed; nested exception is org.springframework.beans.factory.BeanCreationException: Error creating bean with name 'org.springframework.aop.support.DefaultBeanFactoryPointcutAdvisor#0': Cannot resolve reference to bean 'txPointcut' while setting bean property 'pointcut'; nested exception is org.springframework.beans.factory.BeanCreationException: Error creating bean with name 'txPointcut': Failed to introspect bean class [org.springframework.aop.aspectj.AspectJExpressionPointcut] for lookup method metadata: could not find class that it depends on; nested exception is java.lang.NoClassDefFoundError: org/aspectj/weaver/tools/PointcutDesignatorHandler
[ERROR] [2017-05-16 14:18:47][org.springframework.test.context.TestContextManager]Caught exception while allowing TestExecutionListener [org.springframework.test.context.support.DependencyInjectionTestExecutionListener@46d56d67] to prepare test instance [top.haw358.demo.TestMyBatis@75d4a5c2]
java.lang.IllegalStateException: Failed to load ApplicationContext
	at org.springframework.test.context.cache.DefaultCacheAwareContextLoaderDelegate.loadContext(DefaultCacheAwareContextLoaderDelegate.java:124)
	at org.springframework.test.context.support.DefaultTestContext.getApplicationContext(DefaultTestContext.java:83)
	at org.springframework.test.context.support.DependencyInjectionTestExecutionListener.injectDependencies(DependencyInjectionTestExecutionListener.java:117)
	at org.springframework.test.context.support.DependencyInjectionTestExecutionListener.prepareTestInstance(DependencyInjectionTestExecutionListener.java:83)
	at org.springframework.test.context.TestContextManager.prepareTestInstance(TestContextManager.java:230)
	at org.springframework.test.context.junit4.SpringJUnit4ClassRunner.createTest(SpringJUnit4ClassRunner.java:228)
	at org.springframework.test.context.junit4.SpringJUnit4ClassRunner$1.runReflectiveCall(SpringJUnit4ClassRunner.java:287)
	at org.junit.internal.runners.model.ReflectiveCallable.run(ReflectiveCallable.java:12)
	at org.springframework.test.context.junit4.SpringJUnit4ClassRunner.methodBlock(SpringJUnit4ClassRunner.java:289)
	at org.springframework.test.context.junit4.SpringJUnit4ClassRunner.runChild(SpringJUnit4ClassRunner.java:247)
	at org.springframework.test.context.junit4.SpringJUnit4ClassRunner.runChild(SpringJUnit4ClassRunner.java:94)
	at org.junit.runners.ParentRunner$3.run(ParentRunner.java:290)
	at org.junit.runners.ParentRunner$1.schedule(ParentRunner.java:71)
	at org.junit.runners.ParentRunner.runChildren(ParentRunner.java:288)
	at org.junit.runners.ParentRunner.access$000(ParentRunner.java:58)
	at org.junit.runners.ParentRunner$2.evaluate(ParentRunner.java:268)
	at org.springframework.test.context.junit4.statements.RunBeforeTestClassCallbacks.evaluate(RunBeforeTestClassCallbacks.java:61)
	at org.springframework.test.context.junit4.statements.RunAfterTestClassCallbacks.evaluate(RunAfterTestClassCallbacks.java:70)
	at org.junit.runners.ParentRunner.run(ParentRunner.java:363)
	at org.springframework.test.context.junit4.SpringJUnit4ClassRunner.run(SpringJUnit4ClassRunner.java:191)
	at org.junit.runner.JUnitCore.run(JUnitCore.java:137)
	at com.intellij.junit4.JUnit4IdeaTestRunner.startRunnerWithArgs(JUnit4IdeaTestRunner.java:68)
	at com.intellij.rt.execution.junit.IdeaTestRunner$Repeater.startRunnerWithArgs(IdeaTestRunner.java:51)
	at com.intellij.rt.execution.junit.JUnitStarter.prepareStreamsAndStart(JUnitStarter.java:242)
	at com.intellij.rt.execution.junit.JUnitStarter.main(JUnitStarter.java:70)
Caused by: org.springframework.beans.factory.BeanCreationException: Error creating bean with name 'dataSource' defined in file [/home/haw/IdeaProjects/SSM/SSM/target/classes/spring/applicationContext-dataSource.xml]: BeanPostProcessor before instantiation of bean failed; nested exception is org.springframework.beans.factory.BeanCreationException: Error creating bean with name 'org.springframework.aop.support.DefaultBeanFactoryPointcutAdvisor#0': Cannot resolve reference to bean 'txPointcut' while setting bean property 'pointcut'; nested exception is org.springframework.beans.factory.BeanCreationException: Error creating bean with name 'txPointcut': Failed to introspect bean class [org.springframework.aop.aspectj.AspectJExpressionPointcut] for lookup method metadata: could not find class that it depends on; nested exception is java.lang.NoClassDefFoundError: org/aspectj/weaver/tools/PointcutDesignatorHandler
	at org.springframework.beans.factory.support.AbstractAutowireCapableBeanFactory.createBean(AbstractAutowireCapableBeanFactory.java:479)
	at org.springframework.beans.factory.support.AbstractBeanFactory$1.getObject(AbstractBeanFactory.java:306)
	at org.springframework.beans.factory.support.DefaultSingletonBeanRegistry.getSingleton(DefaultSingletonBeanRegistry.java:230)
	at org.springframework.beans.factory.support.AbstractBeanFactory.doGetBean(AbstractBeanFactory.java:302)
	at org.springframework.beans.factory.support.AbstractBeanFactory.getBean(AbstractBeanFactory.java:197)
	at org.springframework.beans.factory.support.DefaultListableBeanFactory.preInstantiateSingletons(DefaultListableBeanFactory.java:761)
	at org.springframework.context.support.AbstractApplicationContext.finishBeanFactoryInitialization(AbstractApplicationContext.java:866)
	at org.springframework.context.support.AbstractApplicationContext.refresh(AbstractApplicationContext.java:542)
	at org.springframework.test.context.support.AbstractGenericContextLoader.loadContext(AbstractGenericContextLoader.java:128)
	at org.springframework.test.context.support.AbstractGenericContextLoader.loadContext(AbstractGenericContextLoader.java:60)
	at org.springframework.test.context.support.AbstractDelegatingSmartContextLoader.delegateLoading(AbstractDelegatingSmartContextLoader.java:108)
	at org.springframework.test.context.support.AbstractDelegatingSmartContextLoader.loadContext(AbstractDelegatingSmartContextLoader.java:251)
	at org.springframework.test.context.cache.DefaultCacheAwareContextLoaderDelegate.loadContextInternal(DefaultCacheAwareContextLoaderDelegate.java:98)
	at org.springframework.test.context.cache.DefaultCacheAwareContextLoaderDelegate.loadContext(DefaultCacheAwareContextLoaderDelegate.java:116)
	... 24 more
Caused by: org.springframework.beans.factory.BeanCreationException: Error creating bean with name 'org.springframework.aop.support.DefaultBeanFactoryPointcutAdvisor#0': Cannot resolve reference to bean 'txPointcut' while setting bean property 'pointcut'; nested exception is org.springframework.beans.factory.BeanCreationException: Error creating bean with name 'txPointcut': Failed to introspect bean class [org.springframework.aop.aspectj.AspectJExpressionPointcut] for lookup method metadata: could not find class that it depends on; nested exception is java.lang.NoClassDefFoundError: org/aspectj/weaver/tools/PointcutDesignatorHandler
	at org.springframework.beans.factory.support.BeanDefinitionValueResolver.resolveReference(BeanDefinitionValueResolver.java:359)
	at org.springframework.beans.factory.support.BeanDefinitionValueResolver.resolveValueIfNecessary(BeanDefinitionValueResolver.java:108)
	at org.springframework.beans.factory.support.AbstractAutowireCapableBeanFactory.applyPropertyValues(AbstractAutowireCapableBeanFactory.java:1531)
	at org.springframework.beans.factory.support.AbstractAutowireCapableBeanFactory.populateBean(AbstractAutowireCapableBeanFactory.java:1276)
	at org.springframework.beans.factory.support.AbstractAutowireCapableBeanFactory.doCreateBean(AbstractAutowireCapableBeanFactory.java:553)
	at org.springframework.beans.factory.support.AbstractAutowireCapableBeanFactory.createBean(AbstractAutowireCapableBeanFactory.java:483)
	at org.springframework.beans.factory.support.AbstractBeanFactory$1.getObject(AbstractBeanFactory.java:306)
	at org.springframework.beans.factory.support.DefaultSingletonBeanRegistry.getSingleton(DefaultSingletonBeanRegistry.java:230)
	at org.springframework.beans.factory.support.AbstractBeanFactory.doGetBean(AbstractBeanFactory.java:302)
	at org.springframework.beans.factory.support.AbstractBeanFactory.getBean(AbstractBeanFactory.java:202)
	at org.springframework.aop.framework.autoproxy.BeanFactoryAdvisorRetrievalHelper.findAdvisorBeans(BeanFactoryAdvisorRetrievalHelper.java:92)
	at org.springframework.aop.framework.autoproxy.AbstractAdvisorAutoProxyCreator.findCandidateAdvisors(AbstractAdvisorAutoProxyCreator.java:102)
	at org.springframework.aop.aspectj.autoproxy.AspectJAwareAdvisorAutoProxyCreator.shouldSkip(AspectJAwareAdvisorAutoProxyCreator.java:103)
	at org.springframework.aop.framework.autoproxy.AbstractAutoProxyCreator.postProcessBeforeInstantiation(AbstractAutoProxyCreator.java:248)
	at org.springframework.beans.factory.support.AbstractAutowireCapableBeanFactory.applyBeanPostProcessorsBeforeInstantiation(AbstractAutowireCapableBeanFactory.java:1037)
	at org.springframework.beans.factory.support.AbstractAutowireCapableBeanFactory.resolveBeforeInstantiation(AbstractAutowireCapableBeanFactory.java:1011)
	at org.springframework.beans.factory.support.AbstractAutowireCapableBeanFactory.createBean(AbstractAutowireCapableBeanFactory.java:473)
	... 37 more
Caused by: org.springframework.beans.factory.BeanCreationException: Error creating bean with name 'txPointcut': Failed to introspect bean class [org.springframework.aop.aspectj.AspectJExpressionPointcut] for lookup method metadata: could not find class that it depends on; nested exception is java.lang.NoClassDefFoundError: org/aspectj/weaver/tools/PointcutDesignatorHandler
	at org.springframework.beans.factory.annotation.AutowiredAnnotationBeanPostProcessor.determineCandidateConstructors(AutowiredAnnotationBeanPostProcessor.java:269)
	at org.springframework.beans.factory.support.AbstractAutowireCapableBeanFactory.determineConstructorsFromBeanPostProcessors(AbstractAutowireCapableBeanFactory.java:1118)
	at org.springframework.beans.factory.support.AbstractAutowireCapableBeanFactory.createBeanInstance(AbstractAutowireCapableBeanFactory.java:1091)
	at org.springframework.beans.factory.support.AbstractAutowireCapableBeanFactory.doCreateBean(AbstractAutowireCapableBeanFactory.java:513)
	at org.springframework.beans.factory.support.AbstractAutowireCapableBeanFactory.createBean(AbstractAutowireCapableBeanFactory.java:483)
	at org.springframework.beans.factory.support.AbstractBeanFactory.doGetBean(AbstractBeanFactory.java:325)
	at org.springframework.beans.factory.support.AbstractBeanFactory.getBean(AbstractBeanFactory.java:197)
	at org.springframework.beans.factory.support.BeanDefinitionValueResolver.resolveReference(BeanDefinitionValueResolver.java:351)
	... 53 more
Caused by: java.lang.NoClassDefFoundError: org/aspectj/weaver/tools/PointcutDesignatorHandler
	at java.lang.Class.getDeclaredMethods0(Native Method)
	at java.lang.Class.privateGetDeclaredMethods(Class.java:2701)
	at java.lang.Class.getDeclaredMethods(Class.java:1975)
	at org.springframework.util.ReflectionUtils.getDeclaredMethods(ReflectionUtils.java:613)
	at org.springframework.util.ReflectionUtils.doWithMethods(ReflectionUtils.java:524)
	at org.springframework.util.ReflectionUtils.doWithMethods(ReflectionUtils.java:510)
	at org.springframework.beans.factory.annotation.AutowiredAnnotationBeanPostProcessor.determineCandidateConstructors(AutowiredAnnotationBeanPostProcessor.java:247)
	... 60 more
Caused by: java.lang.ClassNotFoundException: org.aspectj.weaver.tools.PointcutDesignatorHandler
	at java.net.URLClassLoader.findClass(URLClassLoader.java:381)
	at java.lang.ClassLoader.loadClass(ClassLoader.java:424)
	at sun.misc.Launcher$AppClassLoader.loadClass(Launcher.java:331)
	at java.lang.ClassLoader.loadClass(ClassLoader.java:357)
	... 67 more
[INFO] [2017-05-16 14:21:23][org.springframework.test.context.support.DefaultTestContextBootstrapper]Loaded default TestExecutionListener class names from location [META-INF/spring.factories]: [org.springframework.test.context.web.ServletTestExecutionListener, org.springframework.test.context.support.DirtiesContextBeforeModesTestExecutionListener, org.springframework.test.context.support.DependencyInjectionTestExecutionListener, org.springframework.test.context.support.DirtiesContextTestExecutionListener, org.springframework.test.context.transaction.TransactionalTestExecutionListener, org.springframework.test.context.jdbc.SqlScriptsTestExecutionListener]
[INFO] [2017-05-16 14:21:23][org.springframework.test.context.support.DefaultTestContextBootstrapper]Using TestExecutionListeners: [org.springframework.test.context.web.ServletTestExecutionListener@46d56d67, org.springframework.test.context.support.DirtiesContextBeforeModesTestExecutionListener@d8355a8, org.springframework.test.context.support.DependencyInjectionTestExecutionListener@59fa1d9b, org.springframework.test.context.support.DirtiesContextTestExecutionListener@28d25987, org.springframework.test.context.transaction.TransactionalTestExecutionListener@4501b7af, org.springframework.test.context.jdbc.SqlScriptsTestExecutionListener@523884b2]
[INFO] [2017-05-16 14:21:23][org.springframework.beans.factory.xml.XmlBeanDefinitionReader]Loading XML bean definitions from file [/home/haw/IdeaProjects/SSM/SSM/target/classes/spring/applicationContext-dataSource.xml]
[INFO] [2017-05-16 14:21:23][org.springframework.beans.factory.xml.XmlBeanDefinitionReader]Loading XML bean definitions from file [/home/haw/IdeaProjects/SSM/SSM/target/classes/spring/applicationContext-mybatis3-dao.xml]
[INFO] [2017-05-16 14:21:23][org.springframework.beans.factory.xml.XmlBeanDefinitionReader]Loading XML bean definitions from file [/home/haw/IdeaProjects/SSM/SSM/target/classes/spring/applicationContext-service.xml]
[INFO] [2017-05-16 14:21:23][org.springframework.beans.factory.xml.XmlBeanDefinitionReader]Loading XML bean definitions from file [/home/haw/IdeaProjects/SSM/SSM/target/classes/spring/spring-servlet.xml]
[INFO] [2017-05-16 14:21:23][org.springframework.context.support.GenericApplicationContext]Refreshing org.springframework.context.support.GenericApplicationContext@2038ae61: startup date [Tue May 16 14:21:23 CST 2017]; root of context hierarchy
[INFO] [2017-05-16 14:21:23][org.springframework.beans.factory.annotation.AutowiredAnnotationBeanPostProcessor]JSR-330 'javax.inject.Inject' annotation found and supported for autowiring
[INFO] [2017-05-16 14:21:27][top.haw358.demo.TestMyBatis]{"age":24,"id":1,"password":"sfasgfaf","userName":"测试"}
[INFO] [2017-05-16 14:21:27][org.springframework.context.support.GenericApplicationContext]Closing org.springframework.context.support.GenericApplicationContext@2038ae61: startup date [Tue May 16 14:21:23 CST 2017]; root of context hierarchy
